  [1m[35m (0.7ms)[0m  [1m[35mCREATE TABLE "schema_migrations" ("version" varchar NOT NULL PRIMARY KEY)[0m
  [1m[35m (0.2ms)[0m  [1m[35mCREATE TABLE "ar_internal_metadata" ("key" varchar NOT NULL PRIMARY KEY, "value" varchar, "created_at" datetime(6) NOT NULL, "updated_at" datetime(6) NOT NULL)[0m
  [1m[36mActiveRecord::InternalMetadata Load (0.1ms)[0m  [1m[34mSELECT * FROM "ar_internal_metadata" WHERE "ar_internal_metadata"."key" = ? ORDER BY "ar_internal_metadata"."key" ASC LIMIT 1[0m  [[nil, "environment"]]
  [1m[36mActiveRecord::InternalMetadata Create (0.2ms)[0m  [1m[32mINSERT INTO "ar_internal_metadata" ("key", "value", "created_at", "updated_at") VALUES ('environment', 'development', '2024-10-25 13:57:57.620614', '2024-10-25 13:57:57.620616') RETURNING "key"[0m
  [1m[36mActiveRecord::SchemaMigration Load (0.1ms)[0m  [1m[34mSELECT "schema_migrations"."version" FROM "schema_migrations" ORDER BY "schema_migrations"."version" ASC[0m
Migrating to CreateBoards (20241025135226)
  [1m[36mTRANSACTION (0.0ms)[0m  [1m[36mbegin transaction[0m
  [1m[35m (3.7ms)[0m  [1m[35mCREATE TABLE "boards" ("id" integer PRIMARY KEY AUTOINCREMENT NOT NULL, "name" varchar, "email" varchar, "height" integer, "width" integer, "num_mines" integer, "board_data" text, "created_at" datetime(6) NOT NULL, "updated_at" datetime(6) NOT NULL)[0m
  [1m[36mActiveRecord::SchemaMigration Create (0.2ms)[0m  [1m[32mINSERT INTO "schema_migrations" ("version") VALUES ('20241025135226') RETURNING "version"[0m
  [1m[36mTRANSACTION (0.5ms)[0m  [1m[36mcommit transaction[0m
  [1m[36mActiveRecord::SchemaMigration Load (0.1ms)[0m  [1m[34mSELECT "schema_migrations"."version" FROM "schema_migrations" ORDER BY "schema_migrations"."version" ASC[0m
Started GET "/" for ::1 at 2024-10-25 19:00:25 +0500
  [1m[36mActiveRecord::SchemaMigration Load (0.3ms)[0m  [1m[34mSELECT "schema_migrations"."version" FROM "schema_migrations" ORDER BY "schema_migrations"."version" ASC[0m
Processing by HomeController#index as HTML
  Rendering layout layouts/application.html.erb
  Rendering home/index.html.erb within layouts/application
  Rendered home/index.html.erb within layouts/application (Duration: 55.5ms | Allocations: 5708)
  Rendered layout layouts/application.html.erb (Duration: 55.8ms | Allocations: 5834)
Completed 500 Internal Server Error in 164ms (ActiveRecord: 2.4ms | Allocations: 28695)


  
ActionView::Template::Error (undefined local variable or method `top_ten_minesweeper_boards' for #<ActionView::Base:0x0000000000a8c0>):
    55:       </tr>
    56:     </thead>
    57:     <tbody>
    58:       <% top_ten_minesweeper_boards.each do |board| %>
    59:         <tr>
    60:           <td><%= link_to board.name, board_path(board) %></td>
    61:           <td><%= board.email %></td>
  
app/views/home/index.html.erb:58
Started GET "/" for ::1 at 2024-10-25 19:04:16 +0500
Processing by HomeController#index as HTML
  Rendering layout layouts/application.html.erb
  Rendering home/index.html.erb within layouts/application
  [1m[36mBoard Load (2.0ms)[0m  [1m[34mSELECT "boards".* FROM "boards" ORDER BY "boards"."created_at" DESC LIMIT ?[0m  [["LIMIT", 10]]
  ↳ app/views/home/index.html.erb:58
  Rendered home/index.html.erb within layouts/application (Duration: 22.6ms | Allocations: 5596)
  Rendered layout layouts/application.html.erb (Duration: 2776.3ms | Allocations: 97948)
Completed 200 OK in 2787ms (Views: 2776.3ms | ActiveRecord: 4.1ms | Allocations: 103707)


Started POST "/boards" for ::1 at 2024-10-25 19:05:43 +0500
Processing by BoardsController#create as TURBO_STREAM
  Parameters: {"authenticity_token"=>"[FILTERED]", "board"=>{"name"=>"ded", "email"=>"saba@gmail.com", "width"=>"2", "height"=>"2", "num_mines"=>"4"}, "commit"=>"Generate Board"}
Redirected to http://localhost:3000/
Completed 302 Found in 15ms (ActiveRecord: 0.0ms | Allocations: 3495)


Started GET "/" for ::1 at 2024-10-25 19:05:44 +0500
Processing by HomeController#index as TURBO_STREAM
  Rendering layout layouts/application.html.erb
  Rendering home/index.html.erb within layouts/application
  [1m[36mBoard Load (0.1ms)[0m  [1m[34mSELECT "boards".* FROM "boards" ORDER BY "boards"."created_at" DESC LIMIT ?[0m  [["LIMIT", 10]]
  ↳ app/views/home/index.html.erb:58
  Rendered home/index.html.erb within layouts/application (Duration: 2.3ms | Allocations: 1702)
  Rendered layout layouts/application.html.erb (Duration: 3.9ms | Allocations: 2802)
Completed 200 OK in 5ms (Views: 4.2ms | ActiveRecord: 0.1ms | Allocations: 3109)


Started GET "/boards" for ::1 at 2024-10-25 19:05:46 +0500
Processing by BoardsController#index as HTML
Completed 500 Internal Server Error in 3ms (ActiveRecord: 0.0ms | Allocations: 519)


  
NoMethodError (undefined method `paginate' for Board:Class):
  
app/controllers/boards_controller.rb:21:in `index'
Started GET "/boards" for ::1 at 2024-10-25 20:45:46 +0500
  [1m[36mActiveRecord::SchemaMigration Load (0.4ms)[0m  [1m[34mSELECT "schema_migrations"."version" FROM "schema_migrations" ORDER BY "schema_migrations"."version" ASC[0m
Processing by BoardsController#index as HTML
  Rendering layout layouts/application.html.erb
  Rendering boards/index.html.erb within layouts/application
  [1m[36mBoard Load (0.6ms)[0m  [1m[34mSELECT "boards".* FROM "boards" ORDER BY "boards"."created_at" DESC LIMIT ? OFFSET ?[0m  [["LIMIT", 10], ["OFFSET", 0]]
  ↳ app/views/boards/index.html.erb:19
  [1m[36mCACHE Board Load (0.0ms)[0m  [1m[34mSELECT "boards".* FROM "boards" ORDER BY "boards"."created_at" DESC LIMIT ? OFFSET ?[0m  [["LIMIT", 10], ["OFFSET", 0]]
  ↳ app/views/boards/index.html.erb:33
  Rendered boards/index.html.erb within layouts/application (Duration: 10.4ms | Allocations: 3527)
  Rendered layout layouts/application.html.erb (Duration: 172.4ms | Allocations: 37053)
Completed 200 OK in 208ms (Views: 177.8ms | ActiveRecord: 2.5ms | Allocations: 45224)


Started GET "/" for ::1 at 2024-10-25 20:45:49 +0500
Processing by HomeController#index as HTML
  Rendering layout layouts/application.html.erb
  Rendering home/index.html.erb within layouts/application
  [1m[36mBoard Load (0.2ms)[0m  [1m[34mSELECT "boards".* FROM "boards" ORDER BY "boards"."created_at" DESC LIMIT ?[0m  [["LIMIT", 10]]
  ↳ app/views/home/index.html.erb:58
  Rendered home/index.html.erb within layouts/application (Duration: 8.9ms | Allocations: 3280)
  Rendered layout layouts/application.html.erb (Duration: 10.7ms | Allocations: 4383)
Completed 200 OK in 27ms (Views: 11.9ms | ActiveRecord: 0.5ms | Allocations: 11855)


Started POST "/boards" for ::1 at 2024-10-25 20:46:36 +0500
Processing by BoardsController#create as TURBO_STREAM
  Parameters: {"authenticity_token"=>"[FILTERED]", "board"=>{"name"=>"wdsd", "email"=>"dd@gmail.com", "width"=>"2", "height"=>"2", "num_mines"=>"2"}, "commit"=>"Generate Board"}
Redirected to http://localhost:3000/
Completed 302 Found in 2ms (ActiveRecord: 0.0ms | Allocations: 878)


Started GET "/" for ::1 at 2024-10-25 20:46:36 +0500
Processing by HomeController#index as TURBO_STREAM
  Rendering layout layouts/application.html.erb
  Rendering home/index.html.erb within layouts/application
  [1m[36mBoard Load (0.1ms)[0m  [1m[34mSELECT "boards".* FROM "boards" ORDER BY "boards"."created_at" DESC LIMIT ?[0m  [["LIMIT", 10]]
  ↳ app/views/home/index.html.erb:58
  Rendered home/index.html.erb within layouts/application (Duration: 3.3ms | Allocations: 1691)
  Rendered layout layouts/application.html.erb (Duration: 5.9ms | Allocations: 2792)
Completed 200 OK in 7ms (Views: 6.2ms | ActiveRecord: 0.1ms | Allocations: 3100)


Started GET "/boards" for ::1 at 2024-10-25 20:51:41 +0500
Processing by BoardsController#index as HTML
  Rendering layout layouts/application.html.erb
  Rendering boards/index.html.erb within layouts/application
  [1m[36mBoard Load (0.1ms)[0m  [1m[34mSELECT "boards".* FROM "boards" ORDER BY "boards"."created_at" DESC LIMIT ? OFFSET ?[0m  [["LIMIT", 10], ["OFFSET", 0]]
  ↳ app/views/boards/index.html.erb:19
  [1m[36mCACHE Board Load (0.0ms)[0m  [1m[34mSELECT "boards".* FROM "boards" ORDER BY "boards"."created_at" DESC LIMIT ? OFFSET ?[0m  [["LIMIT", 10], ["OFFSET", 0]]
  ↳ app/views/boards/index.html.erb:33
  Rendered boards/index.html.erb within layouts/application (Duration: 2.0ms | Allocations: 1001)
  Rendered layout layouts/application.html.erb (Duration: 5.1ms | Allocations: 2296)
Completed 200 OK in 6ms (Views: 5.4ms | ActiveRecord: 0.1ms | Allocations: 2665)


Started POST "/boards" for ::1 at 2024-10-25 20:54:11 +0500
Processing by BoardsController#create as TURBO_STREAM
  Parameters: {"authenticity_token"=>"[FILTERED]", "board"=>{"name"=>"xsxsxsx", "email"=>"sxsxs@gmail.com", "width"=>"2", "height"=>"2", "num_mines"=>"2"}, "commit"=>"Generate Board"}
Redirected to http://localhost:3000/
Completed 302 Found in 1ms (ActiveRecord: 0.0ms | Allocations: 772)


Started GET "/" for ::1 at 2024-10-25 20:54:11 +0500
Processing by HomeController#index as TURBO_STREAM
  Rendering layout layouts/application.html.erb
  Rendering home/index.html.erb within layouts/application
  [1m[36mBoard Load (0.1ms)[0m  [1m[34mSELECT "boards".* FROM "boards" ORDER BY "boards"."created_at" DESC LIMIT ?[0m  [["LIMIT", 10]]
  ↳ app/views/home/index.html.erb:58
  Rendered home/index.html.erb within layouts/application (Duration: 2.8ms | Allocations: 1695)
  Rendered layout layouts/application.html.erb (Duration: 4.4ms | Allocations: 2795)
Completed 200 OK in 6ms (Views: 4.8ms | ActiveRecord: 0.1ms | Allocations: 3060)


  [1m[35m (204.4ms)[0m  [1m[35mCREATE DATABASE "minesweeper_dev" ENCODING = 'unicode'[0m
  [1m[35m (106.4ms)[0m  [1m[35mCREATE DATABASE "minesweeper_test" ENCODING = 'unicode'[0m
  [1m[35m (47.0ms)[0m  [1m[35mCREATE TABLE "schema_migrations" ("version" character varying NOT NULL PRIMARY KEY)[0m
  [1m[35m (4.1ms)[0m  [1m[35mCREATE TABLE "ar_internal_metadata" ("key" character varying NOT NULL PRIMARY KEY, "value" character varying, "created_at" timestamp(6) NOT NULL, "updated_at" timestamp(6) NOT NULL)[0m
  [1m[35m (0.3ms)[0m  [1m[34mSELECT pg_try_advisory_lock(6346795514013503430)[0m
  [1m[36mActiveRecord::SchemaMigration Load (0.5ms)[0m  [1m[34mSELECT "schema_migrations"."version" FROM "schema_migrations" ORDER BY "schema_migrations"."version" ASC[0m
  [1m[36mActiveRecord::InternalMetadata Load (1.0ms)[0m  [1m[34mSELECT * FROM "ar_internal_metadata" WHERE "ar_internal_metadata"."key" = $1 ORDER BY "ar_internal_metadata"."key" ASC LIMIT 1[0m  [[nil, "environment"]]
  [1m[36mActiveRecord::InternalMetadata Create (41.0ms)[0m  [1m[32mINSERT INTO "ar_internal_metadata" ("key", "value", "created_at", "updated_at") VALUES ('environment', 'development', '2024-10-25 15:55:51.190483', '2024-10-25 15:55:51.190486') RETURNING "key"[0m
Migrating to CreateBoards (20241025135226)
  [1m[36mTRANSACTION (0.1ms)[0m  [1m[35mBEGIN[0m
  [1m[35m (49.2ms)[0m  [1m[35mCREATE TABLE "boards" ("id" bigserial primary key, "name" character varying, "email" character varying, "height" integer, "width" integer, "num_mines" integer, "board_data" text, "created_at" timestamp(6) NOT NULL, "updated_at" timestamp(6) NOT NULL)[0m
  [1m[36mActiveRecord::SchemaMigration Create (0.5ms)[0m  [1m[32mINSERT INTO "schema_migrations" ("version") VALUES ('20241025135226') RETURNING "version"[0m
  [1m[36mTRANSACTION (0.5ms)[0m  [1m[35mCOMMIT[0m
  [1m[35m (0.7ms)[0m  [1m[34mSELECT pg_advisory_unlock(6346795514013503430)[0m
  [1m[36mActiveRecord::SchemaMigration Load (0.2ms)[0m  [1m[34mSELECT "schema_migrations"."version" FROM "schema_migrations" ORDER BY "schema_migrations"."version" ASC[0m
Started POST "/boards" for ::1 at 2024-10-25 20:56:50 +0500
  [1m[36mActiveRecord::SchemaMigration Load (0.5ms)[0m  [1m[34mSELECT "schema_migrations"."version" FROM "schema_migrations" ORDER BY "schema_migrations"."version" ASC[0m
Processing by BoardsController#create as TURBO_STREAM
  Parameters: {"authenticity_token"=>"[FILTERED]", "board"=>{"name"=>"sxsxs", "email"=>"sxds@gmail.com", "width"=>"2", "height"=>"2", "num_mines"=>"2"}, "commit"=>"Generate Board"}
Redirected to http://localhost:3000/
Completed 302 Found in 14ms (ActiveRecord: 0.0ms | Allocations: 3025)


Started GET "/" for ::1 at 2024-10-25 20:56:50 +0500
Processing by HomeController#index as TURBO_STREAM
  Rendering layout layouts/application.html.erb
  Rendering home/index.html.erb within layouts/application
  [1m[36mBoard Load (0.5ms)[0m  [1m[34mSELECT "boards".* FROM "boards" ORDER BY "boards"."created_at" DESC LIMIT $1[0m  [["LIMIT", 10]]
  ↳ app/views/home/index.html.erb:58
  Rendered home/index.html.erb within layouts/application (Duration: 16.7ms | Allocations: 5579)
  Rendered layout layouts/application.html.erb (Duration: 107.2ms | Allocations: 37772)
Completed 200 OK in 213ms (Views: 113.5ms | ActiveRecord: 16.3ms | Allocations: 53062)


  [1m[36mBoard Load (0.4ms)[0m  [1m[34mSELECT "boards".* FROM "boards" ORDER BY "boards"."id" DESC LIMIT $1[0m  [["LIMIT", 1]]
Started POST "/boards" for ::1 at 2024-10-25 21:00:09 +0500
  [1m[36mActiveRecord::SchemaMigration Load (0.6ms)[0m  [1m[34mSELECT "schema_migrations"."version" FROM "schema_migrations" ORDER BY "schema_migrations"."version" ASC[0m
Processing by BoardsController#create as TURBO_STREAM
  Parameters: {"authenticity_token"=>"[FILTERED]", "board"=>{"name"=>"dd", "email"=>"ded@gmail.com", "width"=>"2", "height"=>"2", "num_mines"=>"2"}, "commit"=>"Generate Board"}
Redirected to http://localhost:3000/
Completed 302 Found in 13ms (ActiveRecord: 0.0ms | Allocations: 3044)


Started GET "/" for ::1 at 2024-10-25 21:00:09 +0500
Processing by HomeController#index as TURBO_STREAM
  Rendering layout layouts/application.html.erb
  Rendering home/index.html.erb within layouts/application
  [1m[36mBoard Load (0.5ms)[0m  [1m[34mSELECT "boards".* FROM "boards" ORDER BY "boards"."created_at" DESC LIMIT $1[0m  [["LIMIT", 10]]
  ↳ app/views/home/index.html.erb:58
  Rendered home/index.html.erb within layouts/application (Duration: 12.8ms | Allocations: 5568)
  Rendered layout layouts/application.html.erb (Duration: 66.8ms | Allocations: 37735)
Completed 200 OK in 175ms (Views: 73.4ms | ActiveRecord: 15.1ms | Allocations: 53004)


Started POST "/boards" for ::1 at 2024-10-25 21:04:37 +0500
  [1m[36mActiveRecord::SchemaMigration Load (0.6ms)[0m  [1m[34mSELECT "schema_migrations"."version" FROM "schema_migrations" ORDER BY "schema_migrations"."version" ASC[0m
Processing by BoardsController#create as TURBO_STREAM
  Parameters: {"authenticity_token"=>"[FILTERED]", "board"=>{"name"=>"Board1", "email"=>"board@gmail.com", "width"=>"2", "height"=>"2", "num_mines"=>"2"}, "commit"=>"Generate Board"}
  [1m[36mTRANSACTION (0.2ms)[0m  [1m[35mBEGIN[0m
  ↳ lib/mine_sweeper_board.rb:16:in `call'
  [1m[36mBoard Create (9.4ms)[0m  [1m[32mINSERT INTO "boards" ("name", "email", "height", "width", "num_mines", "board_data", "created_at", "updated_at") VALUES ($1, $2, $3, $4, $5, $6, $7, $8) RETURNING "id"[0m  [["name", "Board1"], ["email", "board@gmail.com"], ["height", 2], ["width", 2], ["num_mines", 2], ["board_data", "[[0, 1], [1, 0]]"], ["created_at", "2024-10-25 16:04:37.965685"], ["updated_at", "2024-10-25 16:04:37.965685"]]
  ↳ lib/mine_sweeper_board.rb:16:in `call'
  [1m[36mTRANSACTION (0.5ms)[0m  [1m[35mCOMMIT[0m
  ↳ lib/mine_sweeper_board.rb:16:in `call'
Redirected to http://localhost:3000/boards/1
Completed 302 Found in 218ms (ActiveRecord: 143.6ms | Allocations: 17906)


Started GET "/boards/1" for ::1 at 2024-10-25 21:04:37 +0500
Processing by BoardsController#show as TURBO_STREAM
  Parameters: {"id"=>"1"}
  [1m[36mBoard Load (0.2ms)[0m  [1m[34mSELECT "boards".* FROM "boards" WHERE "boards"."id" = $1 LIMIT $2[0m  [["id", 1], ["LIMIT", 1]]
  ↳ app/controllers/boards_controller.rb:28:in `set_board'
  Rendering layout layouts/application.html.erb
  Rendering boards/show.html.erb within layouts/application
  Rendered boards/show.html.erb within layouts/application (Duration: 1.3ms | Allocations: 599)
  Rendered layout layouts/application.html.erb (Duration: 59.8ms | Allocations: 33061)
Completed 200 OK in 96ms (Views: 66.9ms | ActiveRecord: 0.3ms | Allocations: 40335)


Started GET "/" for ::1 at 2024-10-25 21:04:51 +0500
Processing by HomeController#index as HTML
  Rendering layout layouts/application.html.erb
  Rendering home/index.html.erb within layouts/application
  [1m[36mBoard Load (0.3ms)[0m  [1m[34mSELECT "boards".* FROM "boards" ORDER BY "boards"."created_at" DESC LIMIT $1[0m  [["LIMIT", 10]]
  ↳ app/views/home/index.html.erb:58
  Rendered home/index.html.erb within layouts/application (Duration: 7.8ms | Allocations: 3490)
  Rendered layout layouts/application.html.erb (Duration: 9.3ms | Allocations: 4593)
Completed 200 OK in 12ms (Views: 10.2ms | ActiveRecord: 0.3ms | Allocations: 5109)


Started GET "/boards/1" for ::1 at 2024-10-25 21:04:54 +0500
Processing by BoardsController#show as HTML
  Parameters: {"id"=>"1"}
  [1m[36mBoard Load (0.2ms)[0m  [1m[34mSELECT "boards".* FROM "boards" WHERE "boards"."id" = $1 LIMIT $2[0m  [["id", 1], ["LIMIT", 1]]
  ↳ app/controllers/boards_controller.rb:28:in `set_board'
  Rendering layout layouts/application.html.erb
  Rendering boards/show.html.erb within layouts/application
  Rendered boards/show.html.erb within layouts/application (Duration: 0.2ms | Allocations: 69)
  Rendered layout layouts/application.html.erb (Duration: 2.7ms | Allocations: 1388)
Completed 200 OK in 5ms (Views: 3.2ms | ActiveRecord: 0.2ms | Allocations: 2073)


Started GET "/" for ::1 at 2024-10-25 21:07:50 +0500
  [1m[36mActiveRecord::SchemaMigration Load (1.0ms)[0m  [1m[34mSELECT "schema_migrations"."version" FROM "schema_migrations" ORDER BY "schema_migrations"."version" ASC[0m
Processing by HomeController#index as HTML
  Rendering layout layouts/application.html.erb
  Rendering home/index.html.erb within layouts/application
  [1m[36mBoard Load (0.8ms)[0m  [1m[34mSELECT "boards".* FROM "boards" ORDER BY "boards"."created_at" DESC LIMIT $1[0m  [["LIMIT", 10]]
  ↳ app/views/home/index.html.erb:58
  Rendered home/index.html.erb within layouts/application (Duration: 35.9ms | Allocations: 7112)
  Rendered layout layouts/application.html.erb (Duration: 65.9ms | Allocations: 11233)
Completed 500 Internal Server Error in 153ms (ActiveRecord: 14.7ms | Allocations: 27225)


  
ActionView::Template::Error (require_self can only be called once per source file):
     6:     <%= csrf_meta_tags %>
     7:     <%= csp_meta_tag %>
     8: 
     9:     <%= stylesheet_link_tag "application", "data-turbo-track": "reload" %>
    10:     <%= javascript_importmap_tags %>
    11:   </head>
    12: 
  
app/views/layouts/application.html.erb:9
Started GET "/" for ::1 at 2024-10-25 21:07:51 +0500
Processing by HomeController#index as HTML
  Rendering layout layouts/application.html.erb
  Rendering home/index.html.erb within layouts/application
  [1m[36mBoard Load (0.8ms)[0m  [1m[34mSELECT "boards".* FROM "boards" ORDER BY "boards"."created_at" DESC LIMIT $1[0m  [["LIMIT", 10]]
  ↳ app/views/home/index.html.erb:58
  Rendered home/index.html.erb within layouts/application (Duration: 25.9ms | Allocations: 18328)
  Rendered layout layouts/application.html.erb (Duration: 36.2ms | Allocations: 23227)
Completed 500 Internal Server Error in 41ms (ActiveRecord: 12.3ms | Allocations: 25052)


  
ActionView::Template::Error (require_self can only be called once per source file):
     6:     <%= csrf_meta_tags %>
     7:     <%= csp_meta_tag %>
     8: 
     9:     <%= stylesheet_link_tag "application", "data-turbo-track": "reload" %>
    10:     <%= javascript_importmap_tags %>
    11:   </head>
    12: 
  
app/views/layouts/application.html.erb:9
Started GET "/" for ::1 at 2024-10-25 21:08:25 +0500
  [1m[36mActiveRecord::SchemaMigration Load (0.5ms)[0m  [1m[34mSELECT "schema_migrations"."version" FROM "schema_migrations" ORDER BY "schema_migrations"."version" ASC[0m
Processing by HomeController#index as HTML
  Rendering layout layouts/application.html.erb
  Rendering home/index.html.erb within layouts/application
  [1m[36mBoard Load (0.5ms)[0m  [1m[34mSELECT "boards".* FROM "boards" ORDER BY "boards"."created_at" DESC LIMIT $1[0m  [["LIMIT", 10]]
  ↳ app/views/home/index.html.erb:58
  Rendered home/index.html.erb within layouts/application (Duration: 42.2ms | Allocations: 7113)
  Rendered layout layouts/application.html.erb (Duration: 145.8ms | Allocations: 44581)
Completed 200 OK in 206ms (Views: 155.8ms | ActiveRecord: 12.0ms | Allocations: 60615)


Started GET "/boards/1" for ::1 at 2024-10-25 21:08:33 +0500
Processing by BoardsController#show as HTML
  Parameters: {"id"=>"1"}
  [1m[36mBoard Load (0.4ms)[0m  [1m[34mSELECT "boards".* FROM "boards" WHERE "boards"."id" = $1 LIMIT $2[0m  [["id", 1], ["LIMIT", 1]]
  ↳ app/controllers/boards_controller.rb:28:in `set_board'
  Rendering layout layouts/application.html.erb
  Rendering boards/show.html.erb within layouts/application
  Rendered boards/show.html.erb within layouts/application (Duration: 0.8ms | Allocations: 424)
  Rendered layout layouts/application.html.erb (Duration: 3.0ms | Allocations: 1740)
Completed 200 OK in 11ms (Views: 4.3ms | ActiveRecord: 0.3ms | Allocations: 4127)


Started GET "/" for ::1 at 2024-10-25 21:08:37 +0500
Processing by HomeController#index as HTML
  Rendering layout layouts/application.html.erb
  Rendering home/index.html.erb within layouts/application
  [1m[36mBoard Load (0.3ms)[0m  [1m[34mSELECT "boards".* FROM "boards" ORDER BY "boards"."created_at" DESC LIMIT $1[0m  [["LIMIT", 10]]
  ↳ app/views/home/index.html.erb:58
  Rendered home/index.html.erb within layouts/application (Duration: 3.9ms | Allocations: 1834)
  Rendered layout layouts/application.html.erb (Duration: 5.9ms | Allocations: 2934)
Completed 200 OK in 7ms (Views: 6.2ms | ActiveRecord: 0.3ms | Allocations: 3196)


Started GET "/boards/1" for ::1 at 2024-10-25 21:08:39 +0500
Processing by BoardsController#show as HTML
  Parameters: {"id"=>"1"}
  [1m[36mBoard Load (0.3ms)[0m  [1m[34mSELECT "boards".* FROM "boards" WHERE "boards"."id" = $1 LIMIT $2[0m  [["id", 1], ["LIMIT", 1]]
  ↳ app/controllers/boards_controller.rb:28:in `set_board'
  Rendering layout layouts/application.html.erb
  Rendering boards/show.html.erb within layouts/application
  Rendered boards/show.html.erb within layouts/application (Duration: 0.2ms | Allocations: 69)
  Rendered layout layouts/application.html.erb (Duration: 2.3ms | Allocations: 1373)
Completed 200 OK in 5ms (Views: 2.9ms | ActiveRecord: 0.3ms | Allocations: 2058)


Started GET "/boards" for ::1 at 2024-10-25 21:08:41 +0500
Processing by BoardsController#index as HTML
  Rendering layout layouts/application.html.erb
  Rendering boards/index.html.erb within layouts/application
  [1m[36mBoard Load (0.2ms)[0m  [1m[34mSELECT "boards".* FROM "boards" ORDER BY "boards"."created_at" DESC LIMIT $1 OFFSET $2[0m  [["LIMIT", 10], ["OFFSET", 0]]
  ↳ app/views/boards/index.html.erb:19
  [1m[36mCACHE Board Load (0.0ms)[0m  [1m[34mSELECT "boards".* FROM "boards" ORDER BY "boards"."created_at" DESC LIMIT $1 OFFSET $2[0m  [["LIMIT", 10], ["OFFSET", 0]]
  ↳ app/views/boards/index.html.erb:33
  Rendered boards/index.html.erb within layouts/application (Duration: 9.9ms | Allocations: 2053)
  Rendered layout layouts/application.html.erb (Duration: 13.8ms | Allocations: 3354)
Completed 200 OK in 16ms (Views: 14.1ms | ActiveRecord: 0.2ms | Allocations: 3811)


Started GET "/boards/1" for ::1 at 2024-10-25 21:08:45 +0500
Processing by BoardsController#show as HTML
  Parameters: {"id"=>"1"}
  [1m[36mBoard Load (0.3ms)[0m  [1m[34mSELECT "boards".* FROM "boards" WHERE "boards"."id" = $1 LIMIT $2[0m  [["id", 1], ["LIMIT", 1]]
  ↳ app/controllers/boards_controller.rb:28:in `set_board'
  Rendering layout layouts/application.html.erb
  Rendering boards/show.html.erb within layouts/application
  Rendered boards/show.html.erb within layouts/application (Duration: 0.2ms | Allocations: 69)
  Rendered layout layouts/application.html.erb (Duration: 1.8ms | Allocations: 1396)
Completed 200 OK in 4ms (Views: 2.2ms | ActiveRecord: 0.3ms | Allocations: 2081)


Started GET "/" for ::1 at 2024-10-25 21:08:48 +0500
Processing by HomeController#index as HTML
  Rendering layout layouts/application.html.erb
  Rendering home/index.html.erb within layouts/application
  [1m[36mBoard Load (0.2ms)[0m  [1m[34mSELECT "boards".* FROM "boards" ORDER BY "boards"."created_at" DESC LIMIT $1[0m  [["LIMIT", 10]]
  ↳ app/views/home/index.html.erb:58
  Rendered home/index.html.erb within layouts/application (Duration: 4.0ms | Allocations: 1840)
  Rendered layout layouts/application.html.erb (Duration: 6.3ms | Allocations: 2941)
Completed 200 OK in 7ms (Views: 6.5ms | ActiveRecord: 0.2ms | Allocations: 3199)


Started GET "/boards" for ::1 at 2024-10-25 21:08:49 +0500
Processing by BoardsController#index as HTML
  Rendering layout layouts/application.html.erb
  Rendering boards/index.html.erb within layouts/application
  [1m[36mBoard Load (0.3ms)[0m  [1m[34mSELECT "boards".* FROM "boards" ORDER BY "boards"."created_at" DESC LIMIT $1 OFFSET $2[0m  [["LIMIT", 10], ["OFFSET", 0]]
  ↳ app/views/boards/index.html.erb:19
  [1m[36mCACHE Board Load (0.0ms)[0m  [1m[34mSELECT "boards".* FROM "boards" ORDER BY "boards"."created_at" DESC LIMIT $1 OFFSET $2[0m  [["LIMIT", 10], ["OFFSET", 0]]
  ↳ app/views/boards/index.html.erb:33
  Rendered boards/index.html.erb within layouts/application (Duration: 3.8ms | Allocations: 1147)
  Rendered layout layouts/application.html.erb (Duration: 7.4ms | Allocations: 2463)
Completed 200 OK in 10ms (Views: 7.7ms | ActiveRecord: 0.3ms | Allocations: 2824)


Started GET "/boards/1" for ::1 at 2024-10-25 21:08:52 +0500
Processing by BoardsController#show as HTML
  Parameters: {"id"=>"1"}
  [1m[36mBoard Load (0.3ms)[0m  [1m[34mSELECT "boards".* FROM "boards" WHERE "boards"."id" = $1 LIMIT $2[0m  [["id", 1], ["LIMIT", 1]]
  ↳ app/controllers/boards_controller.rb:28:in `set_board'
  Rendering layout layouts/application.html.erb
  Rendering boards/show.html.erb within layouts/application
  Rendered boards/show.html.erb within layouts/application (Duration: 0.2ms | Allocations: 69)
  Rendered layout layouts/application.html.erb (Duration: 2.5ms | Allocations: 1376)
Completed 200 OK in 5ms (Views: 2.9ms | ActiveRecord: 0.3ms | Allocations: 2046)


Started GET "/" for ::1 at 2024-10-25 21:11:30 +0500
Processing by HomeController#index as HTML
  Rendering layout layouts/application.html.erb
  Rendering home/index.html.erb within layouts/application
  [1m[36mBoard Load (0.2ms)[0m  [1m[34mSELECT "boards".* FROM "boards" ORDER BY "boards"."created_at" DESC LIMIT $1[0m  [["LIMIT", 10]]
  ↳ app/views/home/index.html.erb:58
  Rendered home/index.html.erb within layouts/application (Duration: 6.5ms | Allocations: 2697)
  Rendered layout layouts/application.html.erb (Duration: 37.4ms | Allocations: 17016)
Completed 200 OK in 51ms (Views: 39.8ms | ActiveRecord: 2.5ms | Allocations: 22425)


Started POST "/boards" for ::1 at 2024-10-25 21:12:01 +0500
Processing by BoardsController#create as TURBO_STREAM
  Parameters: {"authenticity_token"=>"[FILTERED]", "board"=>{"name"=>"scsc", "email"=>"saba@gmail.com", "width"=>"2", "height"=>"3", "num_mines"=>"2"}, "commit"=>"Generate Board"}
  [1m[36mTRANSACTION (0.1ms)[0m  [1m[35mBEGIN[0m
  ↳ lib/mine_sweeper_board.rb:16:in `call'
  [1m[36mBoard Create (1.5ms)[0m  [1m[32mINSERT INTO "boards" ("name", "email", "height", "width", "num_mines", "board_data", "created_at", "updated_at") VALUES ($1, $2, $3, $4, $5, $6, $7, $8) RETURNING "id"[0m  [["name", "scsc"], ["email", "saba@gmail.com"], ["height", 3], ["width", 2], ["num_mines", 2], ["board_data", "[[0, 0], [0, 1], [1, 0]]"], ["created_at", "2024-10-25 16:12:01.165043"], ["updated_at", "2024-10-25 16:12:01.165043"]]
  ↳ lib/mine_sweeper_board.rb:16:in `call'
  [1m[36mTRANSACTION (43.9ms)[0m  [1m[35mCOMMIT[0m
  ↳ lib/mine_sweeper_board.rb:16:in `call'
Redirected to http://localhost:3000/boards/2
Completed 302 Found in 52ms (ActiveRecord: 45.5ms | Allocations: 3586)


Started GET "/boards/2" for ::1 at 2024-10-25 21:12:01 +0500
Processing by BoardsController#show as TURBO_STREAM
  Parameters: {"id"=>"2"}
  [1m[36mBoard Load (0.3ms)[0m  [1m[34mSELECT "boards".* FROM "boards" WHERE "boards"."id" = $1 LIMIT $2[0m  [["id", 2], ["LIMIT", 1]]
  ↳ app/controllers/boards_controller.rb:28:in `set_board'
  Rendering layout layouts/application.html.erb
  Rendering boards/show.html.erb within layouts/application
  Rendered boards/show.html.erb within layouts/application (Duration: 1.2ms | Allocations: 409)
  Rendered layout layouts/application.html.erb (Duration: 3.7ms | Allocations: 1732)
Completed 200 OK in 9ms (Views: 5.1ms | ActiveRecord: 0.3ms | Allocations: 3290)


Started GET "/" for ::1 at 2024-10-25 21:12:02 +0500
Processing by HomeController#index as HTML
  Rendering layout layouts/application.html.erb
  Rendering home/index.html.erb within layouts/application
  [1m[36mBoard Load (6.7ms)[0m  [1m[34mSELECT "boards".* FROM "boards" ORDER BY "boards"."created_at" DESC LIMIT $1[0m  [["LIMIT", 10]]
  ↳ app/views/home/index.html.erb:58
  Rendered home/index.html.erb within layouts/application (Duration: 11.3ms | Allocations: 1929)
  Rendered layout layouts/application.html.erb (Duration: 19.8ms | Allocations: 3029)
Completed 200 OK in 21ms (Views: 13.6ms | ActiveRecord: 6.7ms | Allocations: 3286)


Started GET "/" for ::1 at 2024-10-25 21:12:03 +0500
Processing by HomeController#index as HTML
  Rendering layout layouts/application.html.erb
  Rendering home/index.html.erb within layouts/application
  [1m[36mBoard Load (0.4ms)[0m  [1m[34mSELECT "boards".* FROM "boards" ORDER BY "boards"."created_at" DESC LIMIT $1[0m  [["LIMIT", 10]]
  ↳ app/views/home/index.html.erb:58
  Rendered home/index.html.erb within layouts/application (Duration: 4.6ms | Allocations: 1926)
  Rendered layout layouts/application.html.erb (Duration: 6.6ms | Allocations: 3033)
Completed 200 OK in 8ms (Views: 7.0ms | ActiveRecord: 0.3ms | Allocations: 3290)


Started GET "/" for ::1 at 2024-10-25 21:12:30 +0500
Processing by HomeController#index as HTML
  Rendering layout layouts/application.html.erb
  Rendering home/index.html.erb within layouts/application
  [1m[36mBoard Load (0.2ms)[0m  [1m[34mSELECT "boards".* FROM "boards" ORDER BY "boards"."created_at" DESC LIMIT $1[0m  [["LIMIT", 10]]
  ↳ app/views/home/index.html.erb:58
  Rendered home/index.html.erb within layouts/application (Duration: 4.3ms | Allocations: 2744)
  Rendered layout layouts/application.html.erb (Duration: 17.0ms | Allocations: 17063)
Completed 200 OK in 29ms (Views: 18.4ms | ActiveRecord: 3.0ms | Allocations: 22426)


Started GET "/boards/1" for ::1 at 2024-10-25 21:12:33 +0500
Processing by BoardsController#show as HTML
  Parameters: {"id"=>"1"}
  [1m[36mBoard Load (0.3ms)[0m  [1m[34mSELECT "boards".* FROM "boards" WHERE "boards"."id" = $1 LIMIT $2[0m  [["id", 1], ["LIMIT", 1]]
  ↳ app/controllers/boards_controller.rb:28:in `set_board'
  Rendering layout layouts/application.html.erb
  Rendering boards/show.html.erb within layouts/application
  Rendered boards/show.html.erb within layouts/application (Duration: 1.0ms | Allocations: 406)
  Rendered layout layouts/application.html.erb (Duration: 3.2ms | Allocations: 1732)
Completed 200 OK in 8ms (Views: 4.3ms | ActiveRecord: 0.3ms | Allocations: 3283)


Started GET "/" for ::1 at 2024-10-25 21:12:35 +0500
Processing by HomeController#index as HTML
  Rendering layout layouts/application.html.erb
  Rendering home/index.html.erb within layouts/application
  [1m[36mBoard Load (0.3ms)[0m  [1m[34mSELECT "boards".* FROM "boards" ORDER BY "boards"."created_at" DESC LIMIT $1[0m  [["LIMIT", 10]]
  ↳ app/views/home/index.html.erb:58
  Rendered home/index.html.erb within layouts/application (Duration: 3.9ms | Allocations: 1908)
  Rendered layout layouts/application.html.erb (Duration: 6.1ms | Allocations: 3008)
Completed 200 OK in 7ms (Views: 6.3ms | ActiveRecord: 0.3ms | Allocations: 3264)


Started POST "/boards" for ::1 at 2024-10-25 21:12:51 +0500
Processing by BoardsController#create as TURBO_STREAM
  Parameters: {"authenticity_token"=>"[FILTERED]", "board"=>{"name"=>"xsxsxsx", "email"=>"saba@gmail.com", "width"=>"3", "height"=>"4", "num_mines"=>"2"}, "commit"=>"Generate Board"}
  [1m[36mTRANSACTION (0.1ms)[0m  [1m[35mBEGIN[0m
  ↳ lib/mine_sweeper_board.rb:16:in `call'
  [1m[36mBoard Create (1.0ms)[0m  [1m[32mINSERT INTO "boards" ("name", "email", "height", "width", "num_mines", "board_data", "created_at", "updated_at") VALUES ($1, $2, $3, $4, $5, $6, $7, $8) RETURNING "id"[0m  [["name", "xsxsxsx"], ["email", "saba@gmail.com"], ["height", 4], ["width", 3], ["num_mines", 2], ["board_data", "[[0, 1, 0], [0, 0, 0], [1, 0, 0], [0, 0, 0]]"], ["created_at", "2024-10-25 16:12:51.086886"], ["updated_at", "2024-10-25 16:12:51.086886"]]
  ↳ lib/mine_sweeper_board.rb:16:in `call'
  [1m[36mTRANSACTION (39.6ms)[0m  [1m[35mCOMMIT[0m
  ↳ lib/mine_sweeper_board.rb:16:in `call'
Redirected to http://localhost:3000/boards/3
Completed 302 Found in 45ms (ActiveRecord: 40.7ms | Allocations: 2398)


Started GET "/boards/3" for ::1 at 2024-10-25 21:12:51 +0500
Processing by BoardsController#show as TURBO_STREAM
  Parameters: {"id"=>"3"}
  [1m[36mBoard Load (0.2ms)[0m  [1m[34mSELECT "boards".* FROM "boards" WHERE "boards"."id" = $1 LIMIT $2[0m  [["id", 3], ["LIMIT", 1]]
  ↳ app/controllers/boards_controller.rb:28:in `set_board'
  Rendering layout layouts/application.html.erb
  Rendering boards/show.html.erb within layouts/application
  Rendered boards/show.html.erb within layouts/application (Duration: 0.2ms | Allocations: 95)
  Rendered layout layouts/application.html.erb (Duration: 2.0ms | Allocations: 1399)
Completed 200 OK in 4ms (Views: 2.4ms | ActiveRecord: 0.2ms | Allocations: 2116)


Started GET "/" for ::1 at 2024-10-25 21:12:53 +0500
Processing by HomeController#index as HTML
  Rendering layout layouts/application.html.erb
  Rendering home/index.html.erb within layouts/application
  [1m[36mBoard Load (0.2ms)[0m  [1m[34mSELECT "boards".* FROM "boards" ORDER BY "boards"."created_at" DESC LIMIT $1[0m  [["LIMIT", 10]]
  ↳ app/views/home/index.html.erb:58
  Rendered home/index.html.erb within layouts/application (Duration: 4.6ms | Allocations: 1998)
  Rendered layout layouts/application.html.erb (Duration: 6.5ms | Allocations: 3098)
Completed 200 OK in 8ms (Views: 6.7ms | ActiveRecord: 0.2ms | Allocations: 3354)


Started GET "/boards/3" for ::1 at 2024-10-25 21:15:35 +0500
  [1m[36mActiveRecord::SchemaMigration Load (0.6ms)[0m  [1m[34mSELECT "schema_migrations"."version" FROM "schema_migrations" ORDER BY "schema_migrations"."version" ASC[0m
Processing by BoardsController#show as HTML
  Parameters: {"id"=>"3"}
  [1m[36mBoard Load (41.4ms)[0m  [1m[34mSELECT "boards".* FROM "boards" WHERE "boards"."id" = $1 LIMIT $2[0m  [["id", 3], ["LIMIT", 1]]
  ↳ app/controllers/boards_controller.rb:28:in `set_board'
  Rendering layout layouts/application.html.erb
  Rendering boards/show.html.erb within layouts/application
  Rendered boards/show.html.erb within layouts/application (Duration: 3.6ms | Allocations: 702)
  Rendered layout layouts/application.html.erb (Duration: 98.3ms | Allocations: 35617)
Completed 500 Internal Server Error in 286ms (ActiveRecord: 101.0ms | Allocations: 55213)


  
ActionView::Template::Error (undefined local variable or method `render_flash_messages' for #<ActionView::Base:0x0000000000acd0>):
    14:   </head>
    15: 
    16:   <body>
    17:     <%= render_flash_messages %>
    18:     <%= yield %>
    19:   </body>
    20: </html>
  
app/views/layouts/application.html.erb:17
Started GET "/boards/3" for ::1 at 2024-10-25 21:17:07 +0500
  [1m[36mActiveRecord::SchemaMigration Load (0.6ms)[0m  [1m[34mSELECT "schema_migrations"."version" FROM "schema_migrations" ORDER BY "schema_migrations"."version" ASC[0m
Processing by BoardsController#show as HTML
  Parameters: {"id"=>"3"}
  [1m[36mBoard Load (0.4ms)[0m  [1m[34mSELECT "boards".* FROM "boards" WHERE "boards"."id" = $1 LIMIT $2[0m  [["id", 3], ["LIMIT", 1]]
  ↳ app/controllers/boards_controller.rb:28:in `set_board'
  Rendering layout layouts/application.html.erb
  Rendering boards/show.html.erb within layouts/application
  Rendered boards/show.html.erb within layouts/application (Duration: 3.7ms | Allocations: 703)
  Rendered layout layouts/application.html.erb (Duration: 97.7ms | Allocations: 35735)
Completed 500 Internal Server Error in 184ms (ActiveRecord: 9.7ms | Allocations: 55329)


  
ActionView::Template::Error (Missing partial shared/__flash_messages with {:locale=>[:en], :formats=>[:html], :variants=>[], :handlers=>[:raw, :erb, :html, :builder, :ruby, :jbuilder]}.

Searched in:
  * "/Users/sabarafique/Desktop/projects/minesweeper-board/app/views"
  * "/Users/sabarafique/.rvm/gems/ruby-3.2.0/gems/turbo-rails-2.0.11/app/views"
  * "/Users/sabarafique/.rvm/gems/ruby-3.2.0/gems/actiontext-7.1.4.2/app/views"
  * "/Users/sabarafique/.rvm/gems/ruby-3.2.0/gems/actionmailbox-7.1.4.2/app/views"
):
    14:   </head>
    15: 
    16:   <body>
    17:     <%= render 'shared/_flash_messages' %>
    18:     <%= yield %>
    19:   </body>
    20: </html>
  
app/views/layouts/application.html.erb:17
Started GET "/boards/3" for ::1 at 2024-10-25 21:17:33 +0500
  [1m[36mActiveRecord::SchemaMigration Load (0.8ms)[0m  [1m[34mSELECT "schema_migrations"."version" FROM "schema_migrations" ORDER BY "schema_migrations"."version" ASC[0m
Processing by BoardsController#show as HTML
  Parameters: {"id"=>"3"}
  [1m[36mBoard Load (0.4ms)[0m  [1m[34mSELECT "boards".* FROM "boards" WHERE "boards"."id" = $1 LIMIT $2[0m  [["id", 3], ["LIMIT", 1]]
  ↳ app/controllers/boards_controller.rb:28:in `set_board'
  Rendering layout layouts/application.html.erb
  Rendering boards/show.html.erb within layouts/application
  Rendered boards/show.html.erb within layouts/application (Duration: 3.2ms | Allocations: 703)
  Rendered shared/_flash_messages.html.erb (Duration: 0.7ms | Allocations: 205)
  Rendered layout layouts/application.html.erb (Duration: 89.0ms | Allocations: 34738)
Completed 200 OK in 178ms (Views: 100.0ms | ActiveRecord: 10.8ms | Allocations: 54371)


Started GET "/" for ::1 at 2024-10-25 21:17:41 +0500
Processing by HomeController#index as HTML
  Rendering layout layouts/application.html.erb
  Rendering home/index.html.erb within layouts/application
  [1m[36mBoard Load (0.3ms)[0m  [1m[34mSELECT "boards".* FROM "boards" ORDER BY "boards"."created_at" DESC LIMIT $1[0m  [["LIMIT", 10]]
  ↳ app/views/home/index.html.erb:58
  Rendered home/index.html.erb within layouts/application (Duration: 11.8ms | Allocations: 3753)
  Rendered shared/_flash_messages.html.erb (Duration: 0.1ms | Allocations: 20)
  Rendered layout layouts/application.html.erb (Duration: 14.6ms | Allocations: 4936)
Completed 200 OK in 18ms (Views: 15.7ms | ActiveRecord: 0.3ms | Allocations: 5479)


Started GET "/boards" for ::1 at 2024-10-25 21:17:48 +0500
Processing by BoardsController#index as HTML
  Rendering layout layouts/application.html.erb
  Rendering boards/index.html.erb within layouts/application
  [1m[36mBoard Load (0.2ms)[0m  [1m[34mSELECT "boards".* FROM "boards" ORDER BY "boards"."created_at" DESC LIMIT $1 OFFSET $2[0m  [["LIMIT", 10], ["OFFSET", 0]]
  ↳ app/views/boards/index.html.erb:19
  [1m[36mCACHE Board Load (0.0ms)[0m  [1m[34mSELECT "boards".* FROM "boards" ORDER BY "boards"."created_at" DESC LIMIT $1 OFFSET $2[0m  [["LIMIT", 10], ["OFFSET", 0]]
  ↳ app/views/boards/index.html.erb:33
  Rendered boards/index.html.erb within layouts/application (Duration: 8.6ms | Allocations: 2188)
  Rendered shared/_flash_messages.html.erb (Duration: 0.1ms | Allocations: 18)
  Rendered layout layouts/application.html.erb (Duration: 12.0ms | Allocations: 3563)
Completed 200 OK in 21ms (Views: 12.5ms | ActiveRecord: 0.2ms | Allocations: 4028)


Started GET "/boards/3" for ::1 at 2024-10-25 21:17:50 +0500
Processing by BoardsController#show as HTML
  Parameters: {"id"=>"3"}
  [1m[36mBoard Load (0.2ms)[0m  [1m[34mSELECT "boards".* FROM "boards" WHERE "boards"."id" = $1 LIMIT $2[0m  [["id", 3], ["LIMIT", 1]]
  ↳ app/controllers/boards_controller.rb:28:in `set_board'
  Rendering layout layouts/application.html.erb
  Rendering boards/show.html.erb within layouts/application
  Rendered boards/show.html.erb within layouts/application (Duration: 0.2ms | Allocations: 95)
  Rendered shared/_flash_messages.html.erb (Duration: 0.1ms | Allocations: 18)
  Rendered layout layouts/application.html.erb (Duration: 2.9ms | Allocations: 1482)
Completed 200 OK in 6ms (Views: 3.4ms | ActiveRecord: 0.2ms | Allocations: 2167)


Started GET "/boards/2" for ::1 at 2024-10-25 21:17:50 +0500
Processing by BoardsController#show as HTML
  Parameters: {"id"=>"2"}
  [1m[36mBoard Load (0.2ms)[0m  [1m[34mSELECT "boards".* FROM "boards" WHERE "boards"."id" = $1 LIMIT $2[0m  [["id", 2], ["LIMIT", 1]]
  ↳ app/controllers/boards_controller.rb:28:in `set_board'
  Rendering layout layouts/application.html.erb
  Rendering boards/show.html.erb within layouts/application
  Rendered boards/show.html.erb within layouts/application (Duration: 0.2ms | Allocations: 76)
  Rendered shared/_flash_messages.html.erb (Duration: 0.0ms | Allocations: 18)
  Rendered layout layouts/application.html.erb (Duration: 2.4ms | Allocations: 1436)
Completed 200 OK in 5ms (Views: 2.9ms | ActiveRecord: 0.2ms | Allocations: 2119)


Started GET "/" for ::1 at 2024-10-25 21:17:52 +0500
Processing by HomeController#index as HTML
  Rendering layout layouts/application.html.erb
  Rendering home/index.html.erb within layouts/application
  [1m[36mBoard Load (0.3ms)[0m  [1m[34mSELECT "boards".* FROM "boards" ORDER BY "boards"."created_at" DESC LIMIT $1[0m  [["LIMIT", 10]]
  ↳ app/views/home/index.html.erb:58
  Rendered home/index.html.erb within layouts/application (Duration: 5.4ms | Allocations: 1980)
  Rendered shared/_flash_messages.html.erb (Duration: 0.1ms | Allocations: 18)
  Rendered layout layouts/application.html.erb (Duration: 8.1ms | Allocations: 3158)
Completed 200 OK in 10ms (Views: 8.9ms | ActiveRecord: 0.3ms | Allocations: 3414)


Started GET "/boards" for ::1 at 2024-10-25 21:17:55 +0500
Processing by BoardsController#index as HTML
  Rendering layout layouts/application.html.erb
  Rendering boards/index.html.erb within layouts/application
  [1m[36mBoard Load (0.2ms)[0m  [1m[34mSELECT "boards".* FROM "boards" ORDER BY "boards"."created_at" DESC LIMIT $1 OFFSET $2[0m  [["LIMIT", 10], ["OFFSET", 0]]
  ↳ app/views/boards/index.html.erb:19
  [1m[36mCACHE Board Load (0.0ms)[0m  [1m[34mSELECT "boards".* FROM "boards" ORDER BY "boards"."created_at" DESC LIMIT $1 OFFSET $2[0m  [["LIMIT", 10], ["OFFSET", 0]]
  ↳ app/views/boards/index.html.erb:33
  Rendered boards/index.html.erb within layouts/application (Duration: 3.6ms | Allocations: 1277)
  Rendered shared/_flash_messages.html.erb (Duration: 0.1ms | Allocations: 18)
  Rendered layout layouts/application.html.erb (Duration: 6.5ms | Allocations: 2646)
Completed 200 OK in 8ms (Views: 6.8ms | ActiveRecord: 0.2ms | Allocations: 3007)


Started GET "/boards/1" for ::1 at 2024-10-25 21:18:21 +0500
Processing by BoardsController#show as HTML
  Parameters: {"id"=>"1"}
  [1m[36mBoard Load (0.2ms)[0m  [1m[34mSELECT "boards".* FROM "boards" WHERE "boards"."id" = $1 LIMIT $2[0m  [["id", 1], ["LIMIT", 1]]
  ↳ app/controllers/boards_controller.rb:28:in `set_board'
  Rendering layout layouts/application.html.erb
  Rendering boards/show.html.erb within layouts/application
  Rendered boards/show.html.erb within layouts/application (Duration: 0.2ms | Allocations: 69)
  Rendered shared/_flash_messages.html.erb (Duration: 0.1ms | Allocations: 18)
  Rendered layout layouts/application.html.erb (Duration: 3.2ms | Allocations: 1435)
Completed 200 OK in 6ms (Views: 3.9ms | ActiveRecord: 0.2ms | Allocations: 2106)


Started GET "/" for ::1 at 2024-10-25 21:18:22 +0500
Processing by HomeController#index as HTML
  Rendering layout layouts/application.html.erb
  Rendering home/index.html.erb within layouts/application
  [1m[36mBoard Load (0.2ms)[0m  [1m[34mSELECT "boards".* FROM "boards" ORDER BY "boards"."created_at" DESC LIMIT $1[0m  [["LIMIT", 10]]
  ↳ app/views/home/index.html.erb:58
  Rendered home/index.html.erb within layouts/application (Duration: 6.1ms | Allocations: 1968)
  Rendered shared/_flash_messages.html.erb (Duration: 0.1ms | Allocations: 18)
  Rendered layout layouts/application.html.erb (Duration: 8.6ms | Allocations: 3146)
Completed 200 OK in 10ms (Views: 8.8ms | ActiveRecord: 0.2ms | Allocations: 3402)


Started GET "/boards" for ::1 at 2024-10-25 21:29:01 +0500
Processing by BoardsController#index as HTML
  Rendering layout layouts/application.html.erb
  Rendering boards/index.html.erb within layouts/application
  [1m[36mBoard Load (0.4ms)[0m  [1m[34mSELECT "boards".* FROM "boards" ORDER BY "boards"."created_at" DESC LIMIT $1 OFFSET $2[0m  [["LIMIT", 10], ["OFFSET", 0]]
  ↳ app/views/boards/index.html.erb:19
  [1m[36mCACHE Board Load (0.0ms)[0m  [1m[34mSELECT "boards".* FROM "boards" ORDER BY "boards"."created_at" DESC LIMIT $1 OFFSET $2[0m  [["LIMIT", 10], ["OFFSET", 0]]
  ↳ app/views/boards/index.html.erb:33
  Rendered boards/index.html.erb within layouts/application (Duration: 9.0ms | Allocations: 4981)
  Rendered shared/_flash_messages.html.erb (Duration: 0.4ms | Allocations: 165)
  Rendered layout layouts/application.html.erb (Duration: 29.7ms | Allocations: 19813)
Completed 200 OK in 56ms (Views: 31.0ms | ActiveRecord: 9.5ms | Allocations: 24814)


Started GET "/boards/2" for ::1 at 2024-10-25 21:29:03 +0500
Processing by BoardsController#show as HTML
  Parameters: {"id"=>"2"}
  [1m[36mBoard Load (0.2ms)[0m  [1m[34mSELECT "boards".* FROM "boards" WHERE "boards"."id" = $1 LIMIT $2[0m  [["id", 2], ["LIMIT", 1]]
  ↳ app/controllers/boards_controller.rb:29:in `set_board'
  Rendering layout layouts/application.html.erb
  Rendering boards/show.html.erb within layouts/application
  Rendered boards/show.html.erb within layouts/application (Duration: 0.7ms | Allocations: 405)
  Rendered shared/_flash_messages.html.erb (Duration: 0.0ms | Allocations: 18)
  Rendered layout layouts/application.html.erb (Duration: 3.1ms | Allocations: 1783)
Completed 200 OK in 7ms (Views: 3.5ms | ActiveRecord: 0.2ms | Allocations: 3214)


Started GET "/" for ::1 at 2024-10-25 21:29:05 +0500
Processing by HomeController#index as HTML
  Rendering layout layouts/application.html.erb
  Rendering home/index.html.erb within layouts/application
  [1m[36mBoard Load (1.7ms)[0m  [1m[34mSELECT "boards".* FROM "boards" ORDER BY "boards"."created_at" DESC LIMIT $1[0m  [["LIMIT", 10]]
  ↳ app/views/home/index.html.erb:58
  Rendered home/index.html.erb within layouts/application (Duration: 7.6ms | Allocations: 2654)
  Rendered shared/_flash_messages.html.erb (Duration: 0.1ms | Allocations: 19)
  Rendered layout layouts/application.html.erb (Duration: 9.7ms | Allocations: 3836)
Completed 200 OK in 12ms (Views: 9.4ms | ActiveRecord: 1.7ms | Allocations: 4307)


Started POST "/boards" for ::1 at 2024-10-25 21:29:29 +0500
Processing by BoardsController#create as TURBO_STREAM
  Parameters: {"authenticity_token"=>"[FILTERED]", "board"=>{"name"=>"Latest board", "email"=>"sabarafique@gmail.com", "width"=>"3", "height"=>"3", "num_mines"=>"4"}, "commit"=>"Generate Board"}
  [1m[36mTRANSACTION (0.1ms)[0m  [1m[35mBEGIN[0m
  ↳ lib/mine_sweeper_board.rb:19:in `call'
  [1m[36mBoard Create (1.9ms)[0m  [1m[32mINSERT INTO "boards" ("name", "email", "height", "width", "num_mines", "board_data", "created_at", "updated_at") VALUES ($1, $2, $3, $4, $5, $6, $7, $8) RETURNING "id"[0m  [["name", "Latest board"], ["email", "sabarafique@gmail.com"], ["height", 3], ["width", 3], ["num_mines", 4], ["board_data", "[[0, 0, 0], [1, 1, 1], [1, 0, 0]]"], ["created_at", "2024-10-25 16:29:29.644241"], ["updated_at", "2024-10-25 16:29:29.644241"]]
  ↳ lib/mine_sweeper_board.rb:19:in `call'
  [1m[36mTRANSACTION (40.0ms)[0m  [1m[35mCOMMIT[0m
  ↳ lib/mine_sweeper_board.rb:19:in `call'
Redirected to http://localhost:3000/boards/4
Completed 302 Found in 49ms (ActiveRecord: 42.0ms | Allocations: 3505)


Started GET "/boards/4" for ::1 at 2024-10-25 21:29:29 +0500
Processing by BoardsController#show as TURBO_STREAM
  Parameters: {"id"=>"4"}
  [1m[36mBoard Load (0.2ms)[0m  [1m[34mSELECT "boards".* FROM "boards" WHERE "boards"."id" = $1 LIMIT $2[0m  [["id", 4], ["LIMIT", 1]]
  ↳ app/controllers/boards_controller.rb:29:in `set_board'
  Rendering layout layouts/application.html.erb
  Rendering boards/show.html.erb within layouts/application
  Rendered boards/show.html.erb within layouts/application (Duration: 0.2ms | Allocations: 86)
  Rendered shared/_flash_messages.html.erb (Duration: 0.0ms | Allocations: 21)
  Rendered layout layouts/application.html.erb (Duration: 2.3ms | Allocations: 1520)
Completed 200 OK in 5ms (Views: 2.7ms | ActiveRecord: 0.2ms | Allocations: 2237)


